<?xml version="1.0" encoding="UTF-8"?>
<testng-results skipped="0" failed="0" ignored="0" total="1" passed="1">
  <reporter-output>
    <line>
      <![CDATA[TestInitiatorClass called successfully]]>
    </line>
    <line>
      <![CDATA[Before navigating to: 'http://executeautomation.com/demosite/Login.html']]>
    </line>
    <line>
      <![CDATA[Navigated to:'http://executeautomation.com/demosite/Login.html']]>
    </line>
    <line>
      <![CDATA[Url launched logged in succcesfully]]>
    </line>
    <line>
      <![CDATA[User logged in succcesfully]]>
    </line>
  </reporter-output>
  <suite name="Surefire suite" duration-ms="14294" started-at="2018-10-17T05:26:21Z" finished-at="2018-10-17T05:26:35Z">
    <groups>
      <group name="cucumber">
        <method signature="TestRunner.feature(cucumber.api.testng.CucumberFeatureWrapper)[pri:0, instance:com.bc.CucumberOptions.TestRunner@548b7f67]" name="feature" class="com.bc.CucumberOptions.TestRunner"/>
      </group> <!-- cucumber -->
    </groups>
    <test name="Surefire test" duration-ms="14294" started-at="2018-10-17T05:26:21Z" finished-at="2018-10-17T05:26:35Z">
      <class name="com.bc.CucumberOptions.TestRunner">
        <test-method status="PASS" signature="setUpClass()[pri:0, instance:com.bc.CucumberOptions.TestRunner@548b7f67]" name="setUpClass" is-config="true" duration-ms="488" started-at="2018-10-17T05:26:21Z" finished-at="2018-10-17T05:26:21Z">
          <reporter-output>
          </reporter-output>
        </test-method> <!-- setUpClass -->
        <test-method status="PASS" signature="feature(cucumber.api.testng.CucumberFeatureWrapper)[pri:0, instance:com.bc.CucumberOptions.TestRunner@548b7f67]" name="feature" duration-ms="13478" started-at="2018-10-17T05:26:22Z" description="Runs Cucumber Feature" data-provider="features" finished-at="2018-10-17T05:26:35Z">
          <params>
            <param index="0">
              <value>
                <![CDATA[Execute Automation test]]>
              </value>
            </param>
          </params>
          <reporter-output>
            <line>
              <![CDATA[TestInitiatorClass called successfully]]>
            </line>
            <line>
              <![CDATA[Before navigating to: 'http://executeautomation.com/demosite/Login.html']]>
            </line>
            <line>
              <![CDATA[Navigated to:'http://executeautomation.com/demosite/Login.html']]>
            </line>
            <line>
              <![CDATA[Url launched logged in succcesfully]]>
            </line>
            <line>
              <![CDATA[User logged in succcesfully]]>
            </line>
          </reporter-output>
        </test-method> <!-- feature -->
        <test-method status="PASS" signature="tearDownClass()[pri:0, instance:com.bc.CucumberOptions.TestRunner@548b7f67]" name="tearDownClass" is-config="true" duration-ms="133" started-at="2018-10-17T05:26:35Z" finished-at="2018-10-17T05:26:35Z">
          <reporter-output>
          </reporter-output>
        </test-method> <!-- tearDownClass -->
      </class> <!-- com.bc.CucumberOptions.TestRunner -->
    </test> <!-- Surefire test -->
  </suite> <!-- Surefire suite -->
</testng-results>
