<?xml version="1.0" encoding="UTF-8"?>
<!-- Generated by org.testng.reporters.JUnitXMLReporter -->
<testsuite hostname="ADMINIB-7LLCN03" ignored="0" name="Execute Automation Test" tests="1" failures="1" timestamp="29 May 2018 14:45:42 GMT" time="6.158" errors="0">
  <testcase name="feature" time="5.593" classname="cucumber.api.testng.AbstractTestNGCucumberTests">
    <failure type="cucumber.runtime.CucumberException" message="java.lang.NullPointerException">
      <![CDATA[cucumber.runtime.CucumberException: java.lang.NullPointerException
at cucumber.api.testng.TestNGCucumberRunner.runCucumber(TestNGCucumberRunner.java:69)
at cucumber.api.testng.AbstractTestNGCucumberTests.feature(AbstractTestNGCucumberTests.java:21)
Caused by: java.lang.NullPointerException
at pageObjects.BasePage.launchApplication(BasePage.java:50)
at actionLibrary.ExecuteAutomationAction.launchExecuteAutomationURL(ExecuteAutomationAction.java:24)
at stepDefinitions.ExecuteAutomationSteps.user_is_on_execute_automation_login_page(ExecuteAutomationSteps.java:33)
at ✽.Given User is on execute automation login page(Login.feature:6)
... Removed 25 stack frames]]>
    </failure>
  </testcase> <!-- feature -->
</testsuite> <!-- Execute Automation Test -->
